<?xml version="1.0" encoding="UTF-8"?>
<testng-results ignored="0" total="4" passed="4" failed="0" skipped="0">
  <reporter-output>
  </reporter-output>
  <suite started-at="2023-04-05T17:24:14 IST" name="PetSuite" finished-at="2023-04-05T17:24:25 IST" duration-ms="10884">
    <groups>
    </groups>
    <test started-at="2023-04-05T17:24:14 IST" name="PetTest" finished-at="2023-04-05T17:24:25 IST" duration-ms="10884">
      <class name="api.test.UserTests2">
        <test-method is-config="true" signature="setup()[pri:0, instance:api.test.UserTests2@3012646b]" started-at="2023-04-05T17:24:14 IST" name="setup" finished-at="2023-04-05T17:24:15 IST" duration-ms="494" status="PASS">
          <reporter-output>
          </reporter-output>
        </test-method> <!-- setup -->
        <test-method signature="testPostUser()[pri:1, instance:api.test.UserTests2@3012646b]" started-at="2023-04-05T17:24:15 IST" name="testPostUser" finished-at="2023-04-05T17:24:18 IST" duration-ms="3031" status="PASS">
          <reporter-output>
          </reporter-output>
        </test-method> <!-- testPostUser -->
        <test-method signature="testGetUserByName()[pri:2, instance:api.test.UserTests2@3012646b]" started-at="2023-04-05T17:24:18 IST" name="testGetUserByName" finished-at="2023-04-05T17:24:19 IST" duration-ms="1723" status="PASS">
          <reporter-output>
          </reporter-output>
        </test-method> <!-- testGetUserByName -->
        <test-method signature="testUpdateUserByName()[pri:3, instance:api.test.UserTests2@3012646b]" started-at="2023-04-05T17:24:19 IST" name="testUpdateUserByName" finished-at="2023-04-05T17:24:23 IST" duration-ms="3681" status="PASS">
          <reporter-output>
          </reporter-output>
        </test-method> <!-- testUpdateUserByName -->
        <test-method signature="deleteUserByName()[pri:4, instance:api.test.UserTests2@3012646b]" started-at="2023-04-05T17:24:23 IST" name="deleteUserByName" finished-at="2023-04-05T17:24:25 IST" duration-ms="1760" status="PASS">
          <reporter-output>
          </reporter-output>
        </test-method> <!-- deleteUserByName -->
      </class> <!-- api.test.UserTests2 -->
    </test> <!-- PetTest -->
  </suite> <!-- PetSuite -->
</testng-results>
