<?xml version="1.0" encoding="UTF-8"?>
<testng-results ignored="0" total="4" passed="4" failed="0" skipped="0">
  <reporter-output>
  </reporter-output>
  <suite started-at="2023-04-04T19:55:57 IST" name="PetSuite" finished-at="2023-04-04T19:56:07 IST" duration-ms="10119">
    <groups>
    </groups>
    <test started-at="2023-04-04T19:55:57 IST" name="PetTest" finished-at="2023-04-04T19:56:07 IST" duration-ms="10119">
      <class name="api.test.UserTests2">
        <test-method is-config="true" signature="setup()[pri:0, instance:api.test.UserTests2@4b0d79fc]" started-at="2023-04-04T19:55:57 IST" name="setup" finished-at="2023-04-04T19:55:57 IST" duration-ms="462" status="PASS">
          <reporter-output>
          </reporter-output>
        </test-method> <!-- setup -->
        <test-method signature="testPostUser()[pri:1, instance:api.test.UserTests2@4b0d79fc]" started-at="2023-04-04T19:55:57 IST" name="testPostUser" finished-at="2023-04-04T19:56:00 IST" duration-ms="2918" status="PASS">
          <reporter-output>
          </reporter-output>
        </test-method> <!-- testPostUser -->
        <test-method signature="testGetUserByName()[pri:2, instance:api.test.UserTests2@4b0d79fc]" started-at="2023-04-04T19:56:00 IST" name="testGetUserByName" finished-at="2023-04-04T19:56:02 IST" duration-ms="1627" status="PASS">
          <reporter-output>
          </reporter-output>
        </test-method> <!-- testGetUserByName -->
        <test-method signature="testUpdateUserByName()[pri:3, instance:api.test.UserTests2@4b0d79fc]" started-at="2023-04-04T19:56:02 IST" name="testUpdateUserByName" finished-at="2023-04-04T19:56:05 IST" duration-ms="3280" status="PASS">
          <reporter-output>
          </reporter-output>
        </test-method> <!-- testUpdateUserByName -->
        <test-method signature="deleteUserByName()[pri:4, instance:api.test.UserTests2@4b0d79fc]" started-at="2023-04-04T19:56:05 IST" name="deleteUserByName" finished-at="2023-04-04T19:56:07 IST" duration-ms="1616" status="PASS">
          <reporter-output>
          </reporter-output>
        </test-method> <!-- deleteUserByName -->
      </class> <!-- api.test.UserTests2 -->
    </test> <!-- PetTest -->
  </suite> <!-- PetSuite -->
</testng-results>
