<?xml version="1.0" encoding="UTF-8"?>
<!-- Generated by org.testng.reporters.JUnitXMLReporter -->
<testsuite ignored="0" hostname="LAPTOP-AFBJJLIL" failures="0" tests="4" name="PetTest" time="10.884" errors="0" timestamp="2023-04-05T17:24:26 IST">
  <testcase classname="api.test.UserTests2" name="testPostUser" time="3.031"/>
  <testcase classname="api.test.UserTests2" name="testGetUserByName" time="1.723"/>
  <testcase classname="api.test.UserTests2" name="testUpdateUserByName" time="3.681"/>
  <testcase classname="api.test.UserTests2" name="deleteUserByName" time="1.76"/>
</testsuite> <!-- PetTest -->
