<?xml version="1.0" encoding="UTF-8"?>
<!-- Generated by org.testng.reporters.JUnitXMLReporter -->
<testsuite ignored="0" hostname="LAPTOP-AFBJJLIL" failures="0" tests="4" name="PetTest" time="10.119" errors="0" timestamp="2023-04-04T19:56:07 IST">
  <testcase classname="api.test.UserTests2" name="testPostUser" time="2.918"/>
  <testcase classname="api.test.UserTests2" name="testGetUserByName" time="1.627"/>
  <testcase classname="api.test.UserTests2" name="testUpdateUserByName" time="3.28"/>
  <testcase classname="api.test.UserTests2" name="deleteUserByName" time="1.616"/>
</testsuite> <!-- PetTest -->
